<?xml version="1.0" encoding="UTF-8" ?>
<testsuite tests="1" failures="0" errors="0" skipped="0" time="0.014" name="module 'lotus_db_test'">
  <testcase time="0.011" name="lotus_db_test:0 test_insert_employee">
    <system-out>
    </system-out>
  </testcase>
</testsuite>
